2015-08-07 20:15:28.930 HelloWorld[94862:2745787] DiskCookieStorage changing policy from 2 to 0, cookie file: file:///Users/stevenwexler/Library/Developer/CoreSimulator/Devices/26D8E303-8010-45A7-B002-C2212F7188DC/data/Containers/Data/Application/8159DA85-A331-483A-BDC2-172B4665C209/Library/Cookies/Cookies.binarycookies
2015-08-07 20:15:29.093 HelloWorld[94862:2745787] Apache Cordova native platform version 3.8.0 is starting.
2015-08-07 20:15:29.093 HelloWorld[94862:2745787] Multi-tasking -> Device: YES, App: YES
2015-08-07 20:15:29.100 HelloWorld[94862:2745787] Unlimited access to network resources
2015-08-07 20:15:29.105 HelloWorld[94862:2745787] 

Started backup to iCloud! Please be careful.
Your application might be rejected by Apple if you store too much data.
For more information please read "iOS Data Storage Guidelines" at:
https://developer.apple.com/icloud/documentation/data-storage/
To disable web storage backup to iCloud, set the BackupWebStorage preference to "local" in the Cordova config.xml file

2015-08-07 20:15:29.943 HelloWorld[94862:2745787] Resetting plugins due to page load.
2015-08-07 20:15:30.021 HelloWorld[94862:2745787] Finished load of: file:///Users/stevenwexler/Library/Developer/CoreSimulator/Devices/26D8E303-8010-45A7-B002-C2212F7188DC/data/Containers/Bundle/Application/3FB239A8-E112-4487-BC5A-E65342BAE211/HelloWorld.app/www/index.html
2015-08-07 20:18:46.427 HelloWorld[95245:2749160] DiskCookieStorage changing policy from 2 to 0, cookie file: file:///Users/stevenwexler/Library/Developer/CoreSimulator/Devices/26D8E303-8010-45A7-B002-C2212F7188DC/data/Containers/Data/Application/3248ED3F-A666-4F5A-944E-FFAA9565B996/Library/Cookies/Cookies.binarycookies
2015-08-07 20:18:46.491 HelloWorld[95245:2749160] Apache Cordova native platform version 3.8.0 is starting.
2015-08-07 20:18:46.492 HelloWorld[95245:2749160] Multi-tasking -> Device: YES, App: YES
2015-08-07 20:18:46.493 HelloWorld[95245:2749160] Unlimited access to network resources
2015-08-07 20:18:46.494 HelloWorld[95245:2749160] 

Started backup to iCloud! Please be careful.
Your application might be rejected by Apple if you store too much data.
For more information please read "iOS Data Storage Guidelines" at:
https://developer.apple.com/icloud/documentation/data-storage/
To disable web storage backup to iCloud, set the BackupWebStorage preference to "local" in the Cordova config.xml file

2015-08-07 20:18:46.697 HelloWorld[95245:2749160] Resetting plugins due to page load.
2015-08-07 20:18:46.739 HelloWorld[95245:2749160] Finished load of: file:///Users/stevenwexler/Library/Developer/CoreSimulator/Devices/26D8E303-8010-45A7-B002-C2212F7188DC/data/Containers/Bundle/Application/9F453366-61EE-44A8-928B-37A0E2738D53/HelloWorld.app/www/index.html
